<?xml version="1.0" encoding="UTF-8"?>
<testng-results skipped="0" failed="0" ignored="0" total="1" passed="1">
  <reporter-output>
  </reporter-output>
  <suite name="Suite" duration-ms="23749" started-at="2019-02-20T12:30:43Z" finished-at="2019-02-20T12:31:07Z">
    <groups>
    </groups>
    <test name="Test" duration-ms="23749" started-at="2019-02-20T12:30:43Z" finished-at="2019-02-20T12:31:07Z">
      <class name="parametertest.Lab1">
        <test-method status="PASS" signature="verifyLogin(java.lang.String, java.lang.String, java.lang.String)[pri:0, instance:parametertest.Lab1@f6c48ac]" name="verifyLogin" duration-ms="23573" started-at="2019-02-20T18:00:43Z" finished-at="2019-02-20T18:01:07Z">
          <params>
            <param index="0">
              <value>
                <![CDATA[https://www.facebook.com/]]>
              </value>
            </param>
            <param index="1">
              <value>
                <![CDATA[vikash]]>
              </value>
            </param>
            <param index="2">
              <value>
                <![CDATA[mfk@123]]>
              </value>
            </param>
          </params>
          <reporter-output>
          </reporter-output>
        </test-method> <!-- verifyLogin -->
      </class> <!-- parametertest.Lab1 -->
    </test> <!-- Test -->
  </suite> <!-- Suite -->
</testng-results>
